<?xml version="1.0" encoding="UTF-8"?>
<!-- Generated by org.testng.reporters.JUnitReportReporter -->
<testsuite hostname="Mokshi" failures="0" tests="1" name="com.java.javaprograms.assignment_windows" time="12.729" errors="0" timestamp="2024-09-24T06:49:12 CDT" skipped="0">
  <testcase classname="com.java.javaprograms.assignment_windows" name="getwindows" time="12.729"/>
</testsuite> <!-- com.java.javaprograms.assignment_windows -->
