<?xml version="1.0" encoding="UTF-8"?>
<!-- Generated by org.testng.reporters.JUnitReportReporter -->
<testsuite hostname="Mokshi" failures="0" tests="1" name="com.java.javaprograms.reverse" time="0.015" errors="0" timestamp="2024-09-24T07:01:03 CDT" skipped="0">
  <testcase classname="com.java.javaprograms.reverse" name="revers1e" time="0.015"/>
</testsuite> <!-- com.java.javaprograms.reverse -->
